<?xml version="1.0" encoding="UTF-8"?>
<testsuite name="com.example.myandroidapp.GreetingHelperTest" tests="1" skipped="0" failures="0" errors="0" timestamp="2025-04-08T06:46:23" hostname="MAJIDS-W11" time="0.002">
  <properties/>
  <testcase name="testGreeting" classname="com.example.myandroidapp.GreetingHelperTest" time="0.002"/>
  <system-out><![CDATA[]]></system-out>
  <system-err><![CDATA[]]></system-err>
</testsuite>
